[debug] [2025-03-25T18:53:04.357Z] ----------------------------------------------------------------------
[debug] [2025-03-25T18:53:04.360Z] Command:       C:\Program Files\nodejs\node.exe C:\Users\Achilleas\AppData\Roaming\npm\node_modules\firebase-tools\lib\bin\firebase.js init
[debug] [2025-03-25T18:53:04.361Z] CLI Version:   13.35.1
[debug] [2025-03-25T18:53:04.361Z] Platform:      win32
[debug] [2025-03-25T18:53:04.361Z] Node Version:  v20.11.1
[debug] [2025-03-25T18:53:04.361Z] Time:          Tue Mar 25 2025 19:53:04 GMT+0100 (Central European Standard Time)
[debug] [2025-03-25T18:53:04.361Z] ----------------------------------------------------------------------
[debug] 
[debug] [2025-03-25T18:53:04.368Z] > command requires scopes: ["email","openid","https://www.googleapis.com/auth/cloudplatformprojects.readonly","https://www.googleapis.com/auth/firebase","https://www.googleapis.com/auth/cloud-platform"]
[debug] [2025-03-25T18:53:04.368Z] > authorizing via signed-in user (achilleasleiv@gmail.com)
[info] 
     ######## #### ########  ######## ########     ###     ######  ########
     ##        ##  ##     ## ##       ##     ##  ##   ##  ##       ##
     ######    ##  ########  ######   ########  #########  ######  ######
     ##        ##  ##    ##  ##       ##     ## ##     ##       ## ##
     ##       #### ##     ## ######## ########  ##     ##  ######  ########

You're about to initialize a Firebase project in this directory:

  C:\Users\Achilleas\achilleas-portfolio

[info] 
=== Project Setup
[info] 
[info] First, let's associate this project directory with a Firebase project.
[info] You can create multiple project aliases by running firebase use --add, 
[info] but for now we'll just set up a default project.
[info] 
[info] i  If you want to create a project in a Google Cloud organization or folder, please use "firebase projects:create" instead, and return to this command when you've created the project. 
[debug] [2025-03-25T19:00:46.025Z] Checked if tokens are valid: true, expires at: 1742932303448
[debug] [2025-03-25T19:00:46.025Z] Checked if tokens are valid: true, expires at: 1742932303448
[debug] [2025-03-25T19:00:46.027Z] >>> [apiv2][query] POST https://cloudresourcemanager.googleapis.com/v1/projects [none]
[debug] [2025-03-25T19:00:46.027Z] >>> [apiv2][body] POST https://cloudresourcemanager.googleapis.com/v1/projects {"projectId":"achilleas-portfolio","name":"achilleas-portfolio"}
[debug] [2025-03-25T19:00:47.074Z] <<< [apiv2][status] POST https://cloudresourcemanager.googleapis.com/v1/projects 200
[debug] [2025-03-25T19:00:47.074Z] <<< [apiv2][body] POST https://cloudresourcemanager.googleapis.com/v1/projects {"name":"operations/create_project.global.8342861667860355903"}
[debug] [2025-03-25T19:00:47.075Z] Checked if tokens are valid: true, expires at: 1742932303448
[debug] [2025-03-25T19:00:47.075Z] Checked if tokens are valid: true, expires at: 1742932303448
[debug] [2025-03-25T19:00:47.076Z] >>> [apiv2][query] GET https://cloudresourcemanager.googleapis.com/v1/operations/create_project.global.8342861667860355903 [none]
[debug] [2025-03-25T19:00:47.699Z] <<< [apiv2][status] GET https://cloudresourcemanager.googleapis.com/v1/operations/create_project.global.8342861667860355903 200
[debug] [2025-03-25T19:00:47.699Z] <<< [apiv2][body] GET https://cloudresourcemanager.googleapis.com/v1/operations/create_project.global.8342861667860355903 {"name":"operations/create_project.global.8342861667860355903"}
[debug] [2025-03-25T19:00:48.206Z] [Project Creation Poller] Retrying task index 0
[debug] [2025-03-25T19:00:48.206Z] Checked if tokens are valid: true, expires at: 1742932303448
[debug] [2025-03-25T19:00:48.207Z] Checked if tokens are valid: true, expires at: 1742932303448
[debug] [2025-03-25T19:00:48.207Z] >>> [apiv2][query] GET https://cloudresourcemanager.googleapis.com/v1/operations/create_project.global.8342861667860355903 [none]
[debug] [2025-03-25T19:00:48.385Z] <<< [apiv2][status] GET https://cloudresourcemanager.googleapis.com/v1/operations/create_project.global.8342861667860355903 200
[debug] [2025-03-25T19:00:48.385Z] <<< [apiv2][body] GET https://cloudresourcemanager.googleapis.com/v1/operations/create_project.global.8342861667860355903 {"name":"operations/create_project.global.8342861667860355903"}
[debug] [2025-03-25T19:00:49.393Z] [Project Creation Poller] Retrying task index 0
[debug] [2025-03-25T19:00:49.393Z] Checked if tokens are valid: true, expires at: 1742932303448
[debug] [2025-03-25T19:00:49.393Z] Checked if tokens are valid: true, expires at: 1742932303448
[debug] [2025-03-25T19:00:49.394Z] >>> [apiv2][query] GET https://cloudresourcemanager.googleapis.com/v1/operations/create_project.global.8342861667860355903 [none]
[debug] [2025-03-25T19:00:49.565Z] <<< [apiv2][status] GET https://cloudresourcemanager.googleapis.com/v1/operations/create_project.global.8342861667860355903 200
[debug] [2025-03-25T19:00:49.566Z] <<< [apiv2][body] GET https://cloudresourcemanager.googleapis.com/v1/operations/create_project.global.8342861667860355903 {"name":"operations/create_project.global.8342861667860355903","metadata":{"@type":"type.googleapis.com/google.cloudresourcemanager.v1.ProjectCreationStatus","gettable":true,"ready":true},"done":true,"response":{"@type":"type.googleapis.com/google.cloudresourcemanager.v1.Project","projectNumber":"127603155743","projectId":"achilleas-portfolio","lifecycleState":"ACTIVE","name":"achilleas-portfolio","createTime":"2025-03-25T19:00:50.286955Z"}}
[debug] [2025-03-25T19:00:49.567Z] Checked if tokens are valid: true, expires at: 1742932303448
[debug] [2025-03-25T19:00:49.567Z] Checked if tokens are valid: true, expires at: 1742932303448
[debug] [2025-03-25T19:00:49.567Z] >>> [apiv2][query] POST https://firebase.googleapis.com/v1beta1/projects/achilleas-portfolio:addFirebase [none]
[debug] [2025-03-25T19:00:53.098Z] <<< [apiv2][status] POST https://firebase.googleapis.com/v1beta1/projects/achilleas-portfolio:addFirebase 200
[debug] [2025-03-25T19:00:53.098Z] <<< [apiv2][body] POST https://firebase.googleapis.com/v1beta1/projects/achilleas-portfolio:addFirebase {"name":"operations/workflows/MjNkYjk0ZmQtN2UyNS00NGNiLTg3NjgtZjdlZDllNmRiMWQ3"}
[debug] [2025-03-25T19:00:53.098Z] Checked if tokens are valid: true, expires at: 1742932303448
[debug] [2025-03-25T19:00:53.099Z] Checked if tokens are valid: true, expires at: 1742932303448
[debug] [2025-03-25T19:00:53.099Z] >>> [apiv2][query] GET https://firebase.googleapis.com/v1beta1/operations/workflows/MjNkYjk0ZmQtN2UyNS00NGNiLTg3NjgtZjdlZDllNmRiMWQ3 [none]
[debug] [2025-03-25T19:00:56.661Z] <<< [apiv2][status] GET https://firebase.googleapis.com/v1beta1/operations/workflows/MjNkYjk0ZmQtN2UyNS00NGNiLTg3NjgtZjdlZDllNmRiMWQ3 200
[debug] [2025-03-25T19:00:56.661Z] <<< [apiv2][body] GET https://firebase.googleapis.com/v1beta1/operations/workflows/MjNkYjk0ZmQtN2UyNS00NGNiLTg3NjgtZjdlZDllNmRiMWQ3 {"name":"operations/workflows/MjNkYjk0ZmQtN2UyNS00NGNiLTg3NjgtZjdlZDllNmRiMWQ3"}
[debug] [2025-03-25T19:00:57.176Z] [Add Firebase Poller] Retrying task index 0
[debug] [2025-03-25T19:00:57.176Z] Checked if tokens are valid: true, expires at: 1742932303448
[debug] [2025-03-25T19:00:57.176Z] Checked if tokens are valid: true, expires at: 1742932303448
[debug] [2025-03-25T19:00:57.177Z] >>> [apiv2][query] GET https://firebase.googleapis.com/v1beta1/operations/workflows/MjNkYjk0ZmQtN2UyNS00NGNiLTg3NjgtZjdlZDllNmRiMWQ3 [none]
[debug] [2025-03-25T19:00:57.658Z] <<< [apiv2][status] GET https://firebase.googleapis.com/v1beta1/operations/workflows/MjNkYjk0ZmQtN2UyNS00NGNiLTg3NjgtZjdlZDllNmRiMWQ3 200
[debug] [2025-03-25T19:00:57.658Z] <<< [apiv2][body] GET https://firebase.googleapis.com/v1beta1/operations/workflows/MjNkYjk0ZmQtN2UyNS00NGNiLTg3NjgtZjdlZDllNmRiMWQ3 {"name":"operations/workflows/MjNkYjk0ZmQtN2UyNS00NGNiLTg3NjgtZjdlZDllNmRiMWQ3"}
[debug] [2025-03-25T19:00:58.673Z] [Add Firebase Poller] Retrying task index 0
[debug] [2025-03-25T19:00:58.673Z] Checked if tokens are valid: true, expires at: 1742932303448
[debug] [2025-03-25T19:00:58.673Z] Checked if tokens are valid: true, expires at: 1742932303448
[debug] [2025-03-25T19:00:58.674Z] >>> [apiv2][query] GET https://firebase.googleapis.com/v1beta1/operations/workflows/MjNkYjk0ZmQtN2UyNS00NGNiLTg3NjgtZjdlZDllNmRiMWQ3 [none]
[debug] [2025-03-25T19:00:59.237Z] <<< [apiv2][status] GET https://firebase.googleapis.com/v1beta1/operations/workflows/MjNkYjk0ZmQtN2UyNS00NGNiLTg3NjgtZjdlZDllNmRiMWQ3 200
[debug] [2025-03-25T19:00:59.237Z] <<< [apiv2][body] GET https://firebase.googleapis.com/v1beta1/operations/workflows/MjNkYjk0ZmQtN2UyNS00NGNiLTg3NjgtZjdlZDllNmRiMWQ3 {"name":"operations/workflows/MjNkYjk0ZmQtN2UyNS00NGNiLTg3NjgtZjdlZDllNmRiMWQ3"}
[debug] [2025-03-25T19:01:01.246Z] [Add Firebase Poller] Retrying task index 0
[debug] [2025-03-25T19:01:01.246Z] Checked if tokens are valid: true, expires at: 1742932303448
[debug] [2025-03-25T19:01:01.246Z] Checked if tokens are valid: true, expires at: 1742932303448
[debug] [2025-03-25T19:01:01.247Z] >>> [apiv2][query] GET https://firebase.googleapis.com/v1beta1/operations/workflows/MjNkYjk0ZmQtN2UyNS00NGNiLTg3NjgtZjdlZDllNmRiMWQ3 [none]
[debug] [2025-03-25T19:01:02.008Z] <<< [apiv2][status] GET https://firebase.googleapis.com/v1beta1/operations/workflows/MjNkYjk0ZmQtN2UyNS00NGNiLTg3NjgtZjdlZDllNmRiMWQ3 200
[debug] [2025-03-25T19:01:02.008Z] <<< [apiv2][body] GET https://firebase.googleapis.com/v1beta1/operations/workflows/MjNkYjk0ZmQtN2UyNS00NGNiLTg3NjgtZjdlZDllNmRiMWQ3 {"name":"operations/workflows/MjNkYjk0ZmQtN2UyNS00NGNiLTg3NjgtZjdlZDllNmRiMWQ3"}
[debug] [2025-03-25T19:01:06.021Z] [Add Firebase Poller] Retrying task index 0
[debug] [2025-03-25T19:01:06.021Z] Checked if tokens are valid: true, expires at: 1742932303448
[debug] [2025-03-25T19:01:06.021Z] Checked if tokens are valid: true, expires at: 1742932303448
[debug] [2025-03-25T19:01:06.021Z] >>> [apiv2][query] GET https://firebase.googleapis.com/v1beta1/operations/workflows/MjNkYjk0ZmQtN2UyNS00NGNiLTg3NjgtZjdlZDllNmRiMWQ3 [none]
[debug] [2025-03-25T19:01:06.571Z] <<< [apiv2][status] GET https://firebase.googleapis.com/v1beta1/operations/workflows/MjNkYjk0ZmQtN2UyNS00NGNiLTg3NjgtZjdlZDllNmRiMWQ3 200
[debug] [2025-03-25T19:01:06.571Z] <<< [apiv2][body] GET https://firebase.googleapis.com/v1beta1/operations/workflows/MjNkYjk0ZmQtN2UyNS00NGNiLTg3NjgtZjdlZDllNmRiMWQ3 {"name":"operations/workflows/MjNkYjk0ZmQtN2UyNS00NGNiLTg3NjgtZjdlZDllNmRiMWQ3","done":true,"response":{"@type":"type.googleapis.com/google.firebase.service.v1beta1.FirebaseProject","projectId":"achilleas-portfolio","projectNumber":"127603155743","displayName":"achilleas-portfolio","name":"projects/achilleas-portfolio","resources":{"hostingSite":"achilleas-portfolio"}}}
[info] 
[info] === Your Firebase project is ready! ===
[info] 
[info] Project information:
[info]    - Project ID: achilleas-portfolio
[info]    - Project Name: achilleas-portfolio
[info] 
[info] Firebase console is available at
[info] https://console.firebase.google.com/project/achilleas-portfolio/overview
[info] i  Using project achilleas-portfolio (achilleas-portfolio) 
[info] 
=== Hosting Setup
[debug] [2025-03-25T19:01:06.583Z] Checked if tokens are valid: true, expires at: 1742932303448
[debug] [2025-03-25T19:01:06.583Z] Checked if tokens are valid: true, expires at: 1742932303448
[debug] [2025-03-25T19:01:06.583Z] >>> [apiv2][query] GET https://firebase.googleapis.com/v1beta1/projects/achilleas-portfolio [none]
[debug] [2025-03-25T19:01:07.402Z] <<< [apiv2][status] GET https://firebase.googleapis.com/v1beta1/projects/achilleas-portfolio 200
[debug] [2025-03-25T19:01:07.402Z] <<< [apiv2][body] GET https://firebase.googleapis.com/v1beta1/projects/achilleas-portfolio {"projectId":"achilleas-portfolio","projectNumber":"127603155743","displayName":"achilleas-portfolio","name":"projects/achilleas-portfolio","resources":{"hostingSite":"achilleas-portfolio"},"state":"ACTIVE","etag":"1_782bcf87-2a76-4f38-bbbe-40cc62638fd9"}
[info] 
[info] Your public directory is the folder (relative to your project directory) that
[info] will contain Hosting assets to be uploaded with firebase deploy. If you
[info] have a build process for your assets, use your build's output directory.
[info] 
[debug] [2025-03-25T19:02:26.365Z] >>> [apiv2][query] GET https://www.gstatic.com/firebasejs/releases.json [none]
[debug] [2025-03-25T19:02:26.423Z] <<< [apiv2][status] GET https://www.gstatic.com/firebasejs/releases.json 200
[debug] [2025-03-25T19:02:26.423Z] <<< [apiv2][body] GET https://www.gstatic.com/firebasejs/releases.json {"current":{"version":"11.5.0","browserURL":"https://www.gstatic.com/firebasejs/11.5.0/firebase.js","packageURL":"https://www.gstatic.com/firebasejs/11.5.0/firebase.tgz"},"live":{"version":"11.5","browserURL":"https://www.gstatic.com/firebasejs/live/11.5/firebase.js","packageURL":"https://www.gstatic.com/firebasejs/live/11.5/firebase.tgz"},"components":{"analytics":"https://www.gstatic.com/firebasejs/11.5.0/firebase-analytics.js","app":"https://www.gstatic.com/firebasejs/11.5.0/firebase-app.js","app-check":"https://www.gstatic.com/firebasejs/11.5.0/firebase-app-check.js","auth":"https://www.gstatic.com/firebasejs/11.5.0/firebase-auth.js","auth/cordova":"https://www.gstatic.com/firebasejs/11.5.0/firebase-auth/cordova.js","auth/web-extension":"https://www.gstatic.com/firebasejs/11.5.0/firebase-auth/web-extension.js","functions":"https://www.gstatic.com/firebasejs/11.5.0/firebase-functions.js","firestore":"https://www.gstatic.com/firebasejs/11.5.0/firebase-firestore.js","firestore/lite":"https://www.gstatic.com/firebasejs/11.5.0/firebase-firestore/lite.js","installations":"https://www.gstatic.com/firebasejs/11.5.0/firebase-installations.js","storage":"https://www.gstatic.com/firebasejs/11.5.0/firebase-storage.js","performance":"https://www.gstatic.com/firebasejs/11.5.0/firebase-performance.js","remote-config":"https://www.gstatic.com/firebasejs/11.5.0/firebase-remote-config.js","messaging":"https://www.gstatic.com/firebasejs/11.5.0/firebase-messaging.js","messaging/sw":"https://www.gstatic.com/firebasejs/11.5.0/firebase-messaging/sw.js","database":"https://www.gstatic.com/firebasejs/11.5.0/firebase-database.js","vertexai":"https://www.gstatic.com/firebasejs/11.5.0/firebase-vertexai.js","data-connect":"https://www.gstatic.com/firebasejs/11.5.0/firebase-data-connect.js","firestore.memory":"https://www.gstatic.com/firebasejs/11.5.0/firebase-firestore.memory.js"}}
[info] +  Wrote out/index.html 
[info] 
[info] i  Detected a .git folder at C:\Users\Achilleas\achilleas-portfolio 
[info] i  Authorizing with GitHub to upload your service account to a GitHub repository's secrets store. 
[info] 
[info] Visit this URL on this device to log in:
[info] https://github.com/login/oauth/authorize?client_id=89cf50f02ac6aaed3484&state=555980882&redirect_uri=http%3A%2F%2Flocalhost%3A9005&scope=read%3Auser%20repo%20public_repo
[info] 
[info] Waiting for authentication...
[debug] [2025-03-25T19:02:35.921Z] >>> [apiv2][query] POST https://github.com/login/oauth/access_token [none]
[debug] [2025-03-25T19:02:35.921Z] >>> [apiv2][body] POST https://github.com/login/oauth/access_token [stream]
[debug] [2025-03-25T19:02:36.198Z] <<< [apiv2][status] POST https://github.com/login/oauth/access_token 200
[debug] [2025-03-25T19:02:36.198Z] <<< [apiv2][body] POST https://github.com/login/oauth/access_token {"access_token":"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","token_type":"bearer","scope":"read:user,repo"}
[debug] [2025-03-25T19:02:36.202Z] >>> [apiv2][query] GET https://api.github.com/user [none]
[debug] [2025-03-25T19:02:36.481Z] <<< [apiv2][status] GET https://api.github.com/user 200
[debug] [2025-03-25T19:02:36.481Z] <<< [apiv2][body] GET https://api.github.com/user {"login":"Nonilas","id":116185829,"node_id":"U_kgDOBuza5Q","avatar_url":"https://avatars.githubusercontent.com/u/116185829?v=4","gravatar_id":"","url":"https://api.github.com/users/Nonilas","html_url":"https://github.com/Nonilas","followers_url":"https://api.github.com/users/Nonilas/followers","following_url":"https://api.github.com/users/Nonilas/following{/other_user}","gists_url":"https://api.github.com/users/Nonilas/gists{/gist_id}","starred_url":"https://api.github.com/users/Nonilas/starred{/owner}{/repo}","subscriptions_url":"https://api.github.com/users/Nonilas/subscriptions","organizations_url":"https://api.github.com/users/Nonilas/orgs","repos_url":"https://api.github.com/users/Nonilas/repos","events_url":"https://api.github.com/users/Nonilas/events{/privacy}","received_events_url":"https://api.github.com/users/Nonilas/received_events","type":"User","user_view_type":"private","site_admin":false,"name":"Achilleas Leivadiotis","company":null,"blog":"","location":null,"email":null,"hireable":null,"bio":null,"twitter_username":null,"notification_email":null,"public_repos":6,"public_gists":0,"followers":0,"following":0,"created_at":"2022-10-19T14:48:05Z","updated_at":"2025-03-25T19:02:33Z","private_gists":0,"total_private_repos":2,"owned_private_repos":2,"disk_usage":141,"collaborators":1,"two_factor_authentication":false,"plan":{"name":"free","space":976562499,"collaborators":0,"private_repos":10000}}
[info] 
[info] +  Success! Logged into GitHub as Nonilas 
[info] 
[debug] [2025-03-25T19:03:07.470Z] >>> [apiv2][query] GET https://api.github.com/repos/Nonilas/achilleas-portfolio/actions/secrets/public-key type=owner
[debug] [2025-03-25T19:03:07.699Z] <<< [apiv2][status] GET https://api.github.com/repos/Nonilas/achilleas-portfolio/actions/secrets/public-key 404
[debug] [2025-03-25T19:03:07.699Z] <<< [apiv2][body] GET https://api.github.com/repos/Nonilas/achilleas-portfolio/actions/secrets/public-key {"message":"Not Found","documentation_url":"https://docs.github.com/rest/actions/secrets#get-a-repository-public-key","status":"404"}
[info] 
[info] 
[error] !  The provided authorization cannot be used with this repository. If this repository is in an organization, did you remember to grant access? 
[info] 
[info] i  Action required: Visit this URL to ensure access has been granted to the appropriate organization(s) for the Firebase CLI GitHub OAuth App: 
[info] https://github.com/settings/connections/applications/89cf50f02ac6aaed3484
[info] 
[debug] [2025-03-25T19:03:34.308Z] >>> [apiv2][query] GET https://api.github.com/repos/Nonilas/achilleas-portfolio/actions/secrets/public-key type=owner
[debug] [2025-03-25T19:03:34.504Z] <<< [apiv2][status] GET https://api.github.com/repos/Nonilas/achilleas-portfolio/actions/secrets/public-key 404
[debug] [2025-03-25T19:03:34.504Z] <<< [apiv2][body] GET https://api.github.com/repos/Nonilas/achilleas-portfolio/actions/secrets/public-key {"message":"Not Found","documentation_url":"https://docs.github.com/rest/actions/secrets#get-a-repository-public-key","status":"404"}
[info] 
[info] 
[error] !  The provided authorization cannot be used with this repository. If this repository is in an organization, did you remember to grant access? 
[info] 
[info] i  Action required: Visit this URL to ensure access has been granted to the appropriate organization(s) for the Firebase CLI GitHub OAuth App: 
[info] https://github.com/settings/connections/applications/89cf50f02ac6aaed3484
[info] 
